{"level":"info","message":{"input":"99","output":"X"},"timestamp":"2025-06-09T04:00:16.294Z"}
{"level":"info","message":{"input":"99","output":"X"},"timestamp":"2025-06-09T04:00:16.939Z"}
{"level":"info","message":{"input":"10","output":"X"},"timestamp":"2025-06-09T04:05:46.817Z"}
{"level":"info","message":{"input":"10","output":"X"},"timestamp":"2025-06-09T04:05:58.274Z"}
{"level":"info","message":{"input":"10","output":"X"},"timestamp":"2025-06-09T04:05:59.086Z"}
{"level":"info","message":{"input":"10","output":"X"},"timestamp":"2025-06-09T04:06:07.521Z"}
{"level":"info","message":{"input":"10","output":"X"},"timestamp":"2025-06-09T04:06:12.473Z"}
{"level":"info","message":{"input":"10","output":"X"},"timestamp":"2025-06-09T04:06:20.456Z"}
{"level":"info","message":{"input":"10","output":"X"},"timestamp":"2025-06-09T04:06:29.510Z"}
{"level":"info","message":{"input":"9","output":"X"},"timestamp":"2025-06-09T04:06:55.257Z"}
{"level":"info","message":{"input":"9","output":"X"},"timestamp":"2025-06-09T04:09:20.306Z"}
{"level":"info","message":{"input":"99","output":"X"},"timestamp":"2025-06-09T04:09:25.990Z"}
{"level":"info","message":{"input":"99","output":"X"},"timestamp":"2025-06-09T04:09:26.764Z"}
{"level":"info","message":{"input":"99","output":"X"},"timestamp":"2025-06-09T04:09:27.552Z"}
{"level":"info","message":{"input":"99","output":"X"},"timestamp":"2025-06-09T04:09:28.469Z"}
{"level":"info","message":{"input":"10","output":"X"},"timestamp":"2025-06-09T04:10:51.214Z"}
{"level":"info","message":{"input":"10","output":"X"},"timestamp":"2025-06-09T04:11:02.217Z"}
{"level":"info","message":{"input":"10","output":"X"},"timestamp":"2025-06-09T04:11:16.333Z"}
{"level":"info","message":{"input":"10","output":"X"},"timestamp":"2025-06-09T04:11:23.377Z"}
{"level":"info","message":{"input":"10","output":"X"},"timestamp":"2025-06-09T04:11:30.759Z"}
{"level":"info","message":{"input":"10","output":"X"},"timestamp":"2025-06-09T04:11:37.951Z"}
{"level":"info","message":{"input":"10","output":"X"},"timestamp":"2025-06-09T04:11:44.442Z"}
{"level":"info","message":{"input":"10","output":"X"},"timestamp":"2025-06-09T04:11:52.833Z"}
{"level":"info","message":{"input":"10","output":"X"},"timestamp":"2025-06-09T04:11:59.042Z"}
{"level":"info","message":{"input":"10","output":"X"},"timestamp":"2025-06-09T04:20:41.073Z"}
{"code":"400","error":"MISSING_QUERY_PARAM","level":"error","message":"Required query param is missing.","timestamp":"2025-06-09T04:20:41.090Z"}
{"code":"400","error":"INVALID_QUERY_PARAM","level":"error","message":"Please provide a whole number between 1 and 3999.","timestamp":"2025-06-09T04:20:41.094Z"}
{"code":"400","error":"INVALID_QUERY_PARAM","level":"error","message":"Please provide a whole number between 1 and 3999.","timestamp":"2025-06-09T04:20:41.097Z"}
{"code":"400","error":"INVALID_QUERY_PARAM","level":"error","message":"Please provide a whole number between 1 and 3999.","timestamp":"2025-06-09T04:20:41.100Z"}
{"code":"400","error":"INVALID_QUERY_PARAM","level":"error","message":"Please provide a whole number between 1 and 3999.","timestamp":"2025-06-09T04:20:41.103Z"}
{"code":"400","error":"INVALID_QUERY_PARAM","level":"error","message":"Please provide a whole number between 1 and 3999.","timestamp":"2025-06-09T04:20:41.106Z"}
{"code":"406","error":"NOT_ACCEPTABLE","level":"error","message":"API only supports application/json responses.","timestamp":"2025-06-09T04:20:41.109Z"}
{"code":"500","error":"MISC_SERVER_ERROR","errorDetail":{},"level":"error","message":"Some miscellaneous error has occurred.","timestamp":"2025-06-09T04:20:41.112Z"}
{"level":"info","message":{"input":"10","output":"X"},"timestamp":"2025-06-09T04:55:12.427Z"}
{"code":"400","error":"MISSING_QUERY_PARAM","level":"error","message":"Required query param is missing.","timestamp":"2025-06-09T04:55:12.451Z"}
{"code":"400","error":"INVALID_QUERY_PARAM","level":"error","message":"Please provide a whole number between 1 and 3999.","timestamp":"2025-06-09T04:55:12.455Z"}
{"code":"400","error":"INVALID_QUERY_PARAM","level":"error","message":"Please provide a whole number between 1 and 3999.","timestamp":"2025-06-09T04:55:12.459Z"}
{"code":"400","error":"INVALID_QUERY_PARAM","level":"error","message":"Please provide a whole number between 1 and 3999.","timestamp":"2025-06-09T04:55:12.463Z"}
{"code":"400","error":"INVALID_QUERY_PARAM","level":"error","message":"Please provide a whole number between 1 and 3999.","timestamp":"2025-06-09T04:55:12.468Z"}
{"code":"400","error":"INVALID_QUERY_PARAM","level":"error","message":"Please provide a whole number between 1 and 3999.","timestamp":"2025-06-09T04:55:12.472Z"}
{"code":"406","error":"NOT_ACCEPTABLE","level":"error","message":"API only supports application/json responses.","timestamp":"2025-06-09T04:55:12.476Z"}
{"code":"500","error":"MISC_SERVER_ERROR","errorDetail":{},"level":"error","message":"Some miscellaneous error has occurred.","timestamp":"2025-06-09T04:55:12.484Z"}
{"level":"info","message":{"input":"10","output":"X"},"timestamp":"2025-06-09T04:56:58.076Z"}
{"code":"400","error":"MISSING_QUERY_PARAM","level":"error","message":"Required query param is missing.","timestamp":"2025-06-09T04:56:58.095Z"}
{"code":"400","error":"INVALID_QUERY_PARAM","level":"error","message":"Please provide a whole number between 1 and 3999.","timestamp":"2025-06-09T04:56:58.100Z"}
{"code":"400","error":"INVALID_QUERY_PARAM","level":"error","message":"Please provide a whole number between 1 and 3999.","timestamp":"2025-06-09T04:56:58.103Z"}
{"code":"400","error":"INVALID_QUERY_PARAM","level":"error","message":"Please provide a whole number between 1 and 3999.","timestamp":"2025-06-09T04:56:58.109Z"}
{"code":"400","error":"INVALID_QUERY_PARAM","level":"error","message":"Please provide a whole number between 1 and 3999.","timestamp":"2025-06-09T04:56:58.113Z"}
{"code":"400","error":"INVALID_QUERY_PARAM","level":"error","message":"Please provide a whole number between 1 and 3999.","timestamp":"2025-06-09T04:56:58.117Z"}
{"code":"406","error":"NOT_ACCEPTABLE","level":"error","message":"API only supports application/json responses.","timestamp":"2025-06-09T04:56:58.120Z"}
{"code":"500","error":"MISC_SERVER_ERROR","errorDetail":{},"level":"error","message":"Some miscellaneous error has occurred.","timestamp":"2025-06-09T04:56:58.124Z"}
{"level":"info","message":{"input":"10","output":"X"},"timestamp":"2025-06-09T04:57:36.996Z"}
{"code":"400","error":"MISSING_QUERY_PARAM","level":"error","message":"Required query param is missing.","timestamp":"2025-06-09T04:57:37.016Z"}
{"code":"400","error":"INVALID_QUERY_PARAM","level":"error","message":"Please provide a whole number between 1 and 3999.","timestamp":"2025-06-09T04:57:37.021Z"}
{"code":"400","error":"INVALID_QUERY_PARAM","level":"error","message":"Please provide a whole number between 1 and 3999.","timestamp":"2025-06-09T04:57:37.024Z"}
{"code":"400","error":"INVALID_QUERY_PARAM","level":"error","message":"Please provide a whole number between 1 and 3999.","timestamp":"2025-06-09T04:57:37.032Z"}
{"code":"400","error":"INVALID_QUERY_PARAM","level":"error","message":"Please provide a whole number between 1 and 3999.","timestamp":"2025-06-09T04:57:37.035Z"}
{"code":"400","error":"INVALID_QUERY_PARAM","level":"error","message":"Please provide a whole number between 1 and 3999.","timestamp":"2025-06-09T04:57:37.039Z"}
{"code":"406","error":"NOT_ACCEPTABLE","level":"error","message":"API only supports application/json responses.","timestamp":"2025-06-09T04:57:37.042Z"}
{"code":"500","error":"MISC_SERVER_ERROR","errorDetail":{},"level":"error","message":"Some miscellaneous error has occurred.","timestamp":"2025-06-09T04:57:37.046Z"}
{"level":"info","message":{"input":"10","output":"X"},"timestamp":"2025-06-09T05:00:13.627Z"}
{"code":"400","error":"MISSING_QUERY_PARAM","level":"error","message":"Required query param is missing.","timestamp":"2025-06-09T05:00:13.645Z"}
{"code":"400","error":"INVALID_QUERY_PARAM","level":"error","message":"Please provide a whole number between 1 and 3999.","timestamp":"2025-06-09T05:00:13.649Z"}
{"code":"400","error":"INVALID_QUERY_PARAM","level":"error","message":"Please provide a whole number between 1 and 3999.","timestamp":"2025-06-09T05:00:13.653Z"}
{"code":"400","error":"INVALID_QUERY_PARAM","level":"error","message":"Please provide a whole number between 1 and 3999.","timestamp":"2025-06-09T05:00:13.656Z"}
{"code":"400","error":"INVALID_QUERY_PARAM","level":"error","message":"Please provide a whole number between 1 and 3999.","timestamp":"2025-06-09T05:00:13.660Z"}
{"code":"400","error":"INVALID_QUERY_PARAM","level":"error","message":"Please provide a whole number between 1 and 3999.","timestamp":"2025-06-09T05:00:13.664Z"}
{"code":"406","error":"NOT_ACCEPTABLE","level":"error","message":"API only supports application/json responses.","timestamp":"2025-06-09T05:00:13.667Z"}
{"code":"500","error":"MISC_SERVER_ERROR","errorDetail":{},"level":"error","message":"Some miscellaneous error has occurred.","timestamp":"2025-06-09T05:00:13.671Z"}
{"level":"info","message":{"input":"99","output":"X"},"timestamp":"2025-06-09T05:00:29.531Z"}
{"level":"info","message":{"input":"99","output":"X"},"timestamp":"2025-06-09T05:00:30.046Z"}
